
> ludo-king-party@0.0.1 test
> vitest src/logic/moveValidation.test.ts --run


[7m[1m[36m RUN [39m[22m[27m [36mv1.6.1[39m [90mD:/Project/LudoKing[39m

 [33mΓ¥»[39m src/logic/moveValidation.test.ts [2m ([22m[2m16 tests[22m [2m|[22m [31m2 failed[39m[2m)[22m[90m 18[2mms[22m[39m
[31m   [33mΓ¥»[31m src/logic/moveValidation.test.ts[2m > [22mMovement Validation[2m > [22mPawn on Main Track[2m > [22mshould not allow move if blocked by own pawn[39m
[31m     ΓåÆ expected { pawnId: 'RED_0', from: 10, ΓÇª(3) } to be undefined[39m
[31m   [33mΓ¥»[31m src/logic/moveValidation.test.ts[2m > [22mMovement Validation[2m > [22mCapture Detection[2m > [22mshould calculate global positions correctly for collision detection[39m
[31m     ΓåÆ expected +0 to be 1 // Object.is equality[39m

npm : 
[31mΓÄ»ΓÄ»ΓÄ»ΓÄ»ΓÄ»ΓÄ»ΓÄ»[1m[7m 
Failed Tests 2 
[27m[22mΓÄ»ΓÄ»ΓÄ»ΓÄ»ΓÄ»ΓÄ»ΓÄ»[39m
At line:1 char:1
+ npm test -- 
src/logic/moveValidation.test.ts --run 
2>&1 | Out-File -F ...
+ ~~~~~~~~~~~~~~~~~~~~~~~~~~~~~~~~~~~~~~
~~~~~~~~~~~~~~~~~
    + CategoryInfo          : NotSpecif 
   ied: ([31mΓÄ»ΓÄ»ΓÄ»Γ...»ΓÄ»ΓÄ»ΓÄ»  
  [39m:String) [], RemoteException
    + FullyQualifiedErrorId : NativeCom 
   mandError
 

[31m[1m[7m FAIL [27m[22m[39m 
src/logic/moveValidation.test.ts[2m > 
[22mMovement Validation[2m > 
[22mPawn on Main Track[2m > 
[22mshould not allow move if blocked 
by own pawn
[31m[1mAssertionError[22m: expected 
{ pawnId: 'RED_0', from: 10, ΓÇª(3) } 
to be undefined[39m
[36m [2mΓ¥»[22m src/logic/moveValidat
ion.test.ts:[2m85:30[22m[39m
    [90m 83| [39m
    [90m 84| [39m            
[35mconst[39m pawnMove [33m=[39m 
validMoves[33m.[39m[34mfind[39m(m 
[33m=>[39m m[33m.[39mpawnId 
[33m===[39m [32m'RED_0'[39mΓÇª
    [90m 85| [39m            [34mexpe
ct[39m(pawnMove)[33m.[39m[34mtoBeUnd
efined[39m()[33m;[39m
    [90m   | [39m                     
        [31m^[39m
    [90m 86| [39m        })[33m;[39m
    [90m 87| [39m

[31m[2mΓÄ»ΓÄ»ΓÄ»ΓÄ»ΓÄ»ΓÄ»ΓÄ»ΓÄ»ΓÄ»ΓÄ»Γ
Ä»ΓÄ»ΓÄ»ΓÄ»ΓÄ»ΓÄ»ΓÄ»ΓÄ»ΓÄ»ΓÄ»ΓÄ»ΓÄ»ΓÄ»ΓÄ
»[1/2]ΓÄ»[22m[39m

[31m[1m[7m FAIL [27m[22m[39m 
src/logic/moveValidation.test.ts[2m > 
[22mMovement Validation[2m > 
[22mCapture Detection[2m > 
[22mshould calculate global positions 
correctly for collision detection
[31m[1mAssertionError[22m: expected 
+0 to be 1 // Object.is equality[39m

[32m- Expected[39m
[31m+ Received[39m

[32m- 1[39m
[31m+ 0[39m

[36m [2mΓ¥»[22m src/logic/moveValidat
ion.test.ts:[2m120:30[22m[39m
    [90m118| [39m            [90m// 
Local step 0 for RED -> Global position 
1[39m
    [90m119| [39m            
[35mconst[39m redStart [33m=[39m [3
4mtoGlobalPosition[39m([34m0[39m[33m
,[39m [32m'RED'[39m)[33m;[39m
    [90m120| [39m            [34mexpe
ct[39m(redStart)[33m.[39m[34mtoBe[3
9m([34m1[39m)[33m;[39m
    [90m   | [39m                     
        [31m^[39m
    [90m121| [39m
    [90m122| [39m            [90m// 
Local step 13 for RED -> Global 
position 14[39m

[31m[2mΓÄ»ΓÄ»ΓÄ»ΓÄ»ΓÄ»ΓÄ»ΓÄ»ΓÄ»ΓÄ»ΓÄ»Γ
Ä»ΓÄ»ΓÄ»ΓÄ»ΓÄ»ΓÄ»ΓÄ»ΓÄ»ΓÄ»ΓÄ»ΓÄ»ΓÄ»ΓÄ»ΓÄ
»[2/2]ΓÄ»[22m[39m

[2m Test Files [22m [1m[31m1 failed[39m[22m[90m (1)[39m
[2m      Tests [22m [1m[31m2 failed[39m[22m[2m | [22m[1m[32m14 passed[39m[22m[90m (16)[39m
[2m   Start at [22m 00:05:20
[2m   Duration [22m 733ms[2m (transform 205ms, setup 0ms, collect 230ms, tests 18ms, environment 0ms, prepare 162ms)[22m

